[0.542s] Invoking command in '/home/esha/Mr-lab _eshamajad/Week1/my_first_pkg': PYTHONPATH=/home/esha/Mr-lab _eshamajad/Week1/my_first_pkg/build/my_first_pkg/prefix_override:/usr/lib/python3/dist-packages/colcon_core/task/python/colcon_distutils_commands:/home/esha/Mr-lab _eshamajad/Week1/my_first_pkg/install/my_first_pkg/lib/python3.10/site-packages:${PYTHONPATH} /usr/bin/python3 -W ignore:setup.py install is deprecated -W ignore:easy_install command is deprecated setup.py egg_info --egg-base build/my_first_pkg build --build-base /home/esha/Mr-lab _eshamajad/Week1/my_first_pkg/build/my_first_pkg/build install --record /home/esha/Mr-lab _eshamajad/Week1/my_first_pkg/build/my_first_pkg/install.log --single-version-externally-managed install_data
[0.767s] running egg_info
[0.767s] creating build/my_first_pkg/my_first_pkg.egg-info
[0.767s] writing build/my_first_pkg/my_first_pkg.egg-info/PKG-INFO
[0.768s] writing dependency_links to build/my_first_pkg/my_first_pkg.egg-info/dependency_links.txt
[0.768s] writing entry points to build/my_first_pkg/my_first_pkg.egg-info/entry_points.txt
[0.768s] writing requirements to build/my_first_pkg/my_first_pkg.egg-info/requires.txt
[0.768s] writing top-level names to build/my_first_pkg/my_first_pkg.egg-info/top_level.txt
[0.768s] writing manifest file 'build/my_first_pkg/my_first_pkg.egg-info/SOURCES.txt'
[0.769s] reading manifest file 'build/my_first_pkg/my_first_pkg.egg-info/SOURCES.txt'
[0.770s] writing manifest file 'build/my_first_pkg/my_first_pkg.egg-info/SOURCES.txt'
[0.770s] running build
[0.770s] running build_py
[0.771s] creating /home/esha/Mr-lab _eshamajad/Week1/my_first_pkg/build/my_first_pkg/build
[0.771s] creating /home/esha/Mr-lab _eshamajad/Week1/my_first_pkg/build/my_first_pkg/build/lib
[0.771s] creating /home/esha/Mr-lab _eshamajad/Week1/my_first_pkg/build/my_first_pkg/build/lib/my_first_pkg
[0.771s] copying my_first_pkg/__init__.py -> /home/esha/Mr-lab _eshamajad/Week1/my_first_pkg/build/my_first_pkg/build/lib/my_first_pkg
[0.771s] copying my_first_pkg/simple_node.py -> /home/esha/Mr-lab _eshamajad/Week1/my_first_pkg/build/my_first_pkg/build/lib/my_first_pkg
[0.771s] running install
[0.771s] running install_lib
[0.771s] creating /home/esha/Mr-lab _eshamajad/Week1/my_first_pkg/install/my_first_pkg/lib/python3.10/site-packages/my_first_pkg
[0.772s] copying /home/esha/Mr-lab _eshamajad/Week1/my_first_pkg/build/my_first_pkg/build/lib/my_first_pkg/__init__.py -> /home/esha/Mr-lab _eshamajad/Week1/my_first_pkg/install/my_first_pkg/lib/python3.10/site-packages/my_first_pkg
[0.772s] copying /home/esha/Mr-lab _eshamajad/Week1/my_first_pkg/build/my_first_pkg/build/lib/my_first_pkg/simple_node.py -> /home/esha/Mr-lab _eshamajad/Week1/my_first_pkg/install/my_first_pkg/lib/python3.10/site-packages/my_first_pkg
[0.772s] byte-compiling /home/esha/Mr-lab _eshamajad/Week1/my_first_pkg/install/my_first_pkg/lib/python3.10/site-packages/my_first_pkg/__init__.py to __init__.cpython-310.pyc
[0.772s] byte-compiling /home/esha/Mr-lab _eshamajad/Week1/my_first_pkg/install/my_first_pkg/lib/python3.10/site-packages/my_first_pkg/simple_node.py to simple_node.cpython-310.pyc
[0.773s] running install_data
[0.773s] creating /home/esha/Mr-lab _eshamajad/Week1/my_first_pkg/install/my_first_pkg/share/ament_index
[0.773s] creating /home/esha/Mr-lab _eshamajad/Week1/my_first_pkg/install/my_first_pkg/share/ament_index/resource_index
[0.773s] creating /home/esha/Mr-lab _eshamajad/Week1/my_first_pkg/install/my_first_pkg/share/ament_index/resource_index/packages
[0.773s] copying resource/my_first_pkg -> /home/esha/Mr-lab _eshamajad/Week1/my_first_pkg/install/my_first_pkg/share/ament_index/resource_index/packages
[0.773s] copying package.xml -> /home/esha/Mr-lab _eshamajad/Week1/my_first_pkg/install/my_first_pkg/share/my_first_pkg
[0.773s] running install_egg_info
[0.775s] Copying build/my_first_pkg/my_first_pkg.egg-info to /home/esha/Mr-lab _eshamajad/Week1/my_first_pkg/install/my_first_pkg/lib/python3.10/site-packages/my_first_pkg-0.0.0-py3.10.egg-info
[0.776s] running install_scripts
[0.795s] Installing simple_node script to /home/esha/Mr-lab _eshamajad/Week1/my_first_pkg/install/my_first_pkg/lib/my_first_pkg
[0.795s] writing list of installed files to '/home/esha/Mr-lab _eshamajad/Week1/my_first_pkg/build/my_first_pkg/install.log'
[0.819s] Invoked command in '/home/esha/Mr-lab _eshamajad/Week1/my_first_pkg' returned '0': PYTHONPATH=/home/esha/Mr-lab _eshamajad/Week1/my_first_pkg/build/my_first_pkg/prefix_override:/usr/lib/python3/dist-packages/colcon_core/task/python/colcon_distutils_commands:/home/esha/Mr-lab _eshamajad/Week1/my_first_pkg/install/my_first_pkg/lib/python3.10/site-packages:${PYTHONPATH} /usr/bin/python3 -W ignore:setup.py install is deprecated -W ignore:easy_install command is deprecated setup.py egg_info --egg-base build/my_first_pkg build --build-base /home/esha/Mr-lab _eshamajad/Week1/my_first_pkg/build/my_first_pkg/build install --record /home/esha/Mr-lab _eshamajad/Week1/my_first_pkg/build/my_first_pkg/install.log --single-version-externally-managed install_data
