[0.739s] Invoking command in '/home/esha/Mr-lab _eshamajad/week3/my_turtle_package': PYTHONPATH=/home/esha/Mr-lab _eshamajad/week3/my_turtle_package/build/my_turtle_package/prefix_override:/usr/lib/python3/dist-packages/colcon_core/task/python/colcon_distutils_commands:/home/esha/Mr-lab _eshamajad/week3/my_turtle_package/install/my_turtle_package/lib/python3.10/site-packages:${PYTHONPATH} /usr/bin/python3 -W ignore:setup.py install is deprecated -W ignore:easy_install command is deprecated setup.py egg_info --egg-base build/my_turtle_package build --build-base /home/esha/Mr-lab _eshamajad/week3/my_turtle_package/build/my_turtle_package/build install --record /home/esha/Mr-lab _eshamajad/week3/my_turtle_package/build/my_turtle_package/install.log --single-version-externally-managed
[1.025s] running egg_info
[1.026s] creating build/my_turtle_package/my_turtle_package.egg-info
[1.026s] writing build/my_turtle_package/my_turtle_package.egg-info/PKG-INFO
[1.026s] writing dependency_links to build/my_turtle_package/my_turtle_package.egg-info/dependency_links.txt
[1.026s] writing entry points to build/my_turtle_package/my_turtle_package.egg-info/entry_points.txt
[1.027s] writing requirements to build/my_turtle_package/my_turtle_package.egg-info/requires.txt
[1.027s] writing top-level names to build/my_turtle_package/my_turtle_package.egg-info/top_level.txt
[1.027s] writing manifest file 'build/my_turtle_package/my_turtle_package.egg-info/SOURCES.txt'
[1.029s] reading manifest file 'build/my_turtle_package/my_turtle_package.egg-info/SOURCES.txt'
[1.030s] writing manifest file 'build/my_turtle_package/my_turtle_package.egg-info/SOURCES.txt'
[1.030s] running build
[1.030s] running build_py
[1.030s] creating /home/esha/Mr-lab _eshamajad/week3/my_turtle_package/build/my_turtle_package/build
[1.031s] creating /home/esha/Mr-lab _eshamajad/week3/my_turtle_package/build/my_turtle_package/build/lib
[1.031s] creating /home/esha/Mr-lab _eshamajad/week3/my_turtle_package/build/my_turtle_package/build/lib/my_turtle_package
[1.031s] copying my_turtle_package/move_turtle.py -> /home/esha/Mr-lab _eshamajad/week3/my_turtle_package/build/my_turtle_package/build/lib/my_turtle_package
[1.031s] copying my_turtle_package/__init__.py -> /home/esha/Mr-lab _eshamajad/week3/my_turtle_package/build/my_turtle_package/build/lib/my_turtle_package
[1.031s] copying my_turtle_package/goto.py -> /home/esha/Mr-lab _eshamajad/week3/my_turtle_package/build/my_turtle_package/build/lib/my_turtle_package
[1.032s] running install
[1.032s] running install_lib
[1.033s] creating /home/esha/Mr-lab _eshamajad/week3/my_turtle_package/install/my_turtle_package/lib/python3.10/site-packages/my_turtle_package
[1.034s] copying /home/esha/Mr-lab _eshamajad/week3/my_turtle_package/build/my_turtle_package/build/lib/my_turtle_package/move_turtle.py -> /home/esha/Mr-lab _eshamajad/week3/my_turtle_package/install/my_turtle_package/lib/python3.10/site-packages/my_turtle_package
[1.034s] copying /home/esha/Mr-lab _eshamajad/week3/my_turtle_package/build/my_turtle_package/build/lib/my_turtle_package/__init__.py -> /home/esha/Mr-lab _eshamajad/week3/my_turtle_package/install/my_turtle_package/lib/python3.10/site-packages/my_turtle_package
[1.034s] copying /home/esha/Mr-lab _eshamajad/week3/my_turtle_package/build/my_turtle_package/build/lib/my_turtle_package/goto.py -> /home/esha/Mr-lab _eshamajad/week3/my_turtle_package/install/my_turtle_package/lib/python3.10/site-packages/my_turtle_package
[1.035s] byte-compiling /home/esha/Mr-lab _eshamajad/week3/my_turtle_package/install/my_turtle_package/lib/python3.10/site-packages/my_turtle_package/move_turtle.py to move_turtle.cpython-310.pyc
[1.036s] byte-compiling /home/esha/Mr-lab _eshamajad/week3/my_turtle_package/install/my_turtle_package/lib/python3.10/site-packages/my_turtle_package/__init__.py to __init__.cpython-310.pyc
[1.036s] byte-compiling /home/esha/Mr-lab _eshamajad/week3/my_turtle_package/install/my_turtle_package/lib/python3.10/site-packages/my_turtle_package/goto.py to goto.cpython-310.pyc
[1.036s] running install_egg_info
[1.038s] Copying build/my_turtle_package/my_turtle_package.egg-info to /home/esha/Mr-lab _eshamajad/week3/my_turtle_package/install/my_turtle_package/lib/python3.10/site-packages/my_turtle_package-0.0.0-py3.10.egg-info
[1.039s] running install_scripts
[1.066s] Installing goto script to /home/esha/Mr-lab _eshamajad/week3/my_turtle_package/install/my_turtle_package/lib/my_turtle_package
[1.066s] Installing move_turtle script to /home/esha/Mr-lab _eshamajad/week3/my_turtle_package/install/my_turtle_package/lib/my_turtle_package
[1.066s] writing list of installed files to '/home/esha/Mr-lab _eshamajad/week3/my_turtle_package/build/my_turtle_package/install.log'
[1.095s] Invoked command in '/home/esha/Mr-lab _eshamajad/week3/my_turtle_package' returned '0': PYTHONPATH=/home/esha/Mr-lab _eshamajad/week3/my_turtle_package/build/my_turtle_package/prefix_override:/usr/lib/python3/dist-packages/colcon_core/task/python/colcon_distutils_commands:/home/esha/Mr-lab _eshamajad/week3/my_turtle_package/install/my_turtle_package/lib/python3.10/site-packages:${PYTHONPATH} /usr/bin/python3 -W ignore:setup.py install is deprecated -W ignore:easy_install command is deprecated setup.py egg_info --egg-base build/my_turtle_package build --build-base /home/esha/Mr-lab _eshamajad/week3/my_turtle_package/build/my_turtle_package/build install --record /home/esha/Mr-lab _eshamajad/week3/my_turtle_package/build/my_turtle_package/install.log --single-version-externally-managed
