[1.033s] Invoking command in '/home/esha/ros2_ws/src/my_turtle_package': PYTHONPATH=/home/esha/ros2_ws/build/my_turtle_package/prefix_override:/usr/lib/python3/dist-packages/colcon_core/task/python/colcon_distutils_commands:/home/esha/ros2_ws/install/my_turtle_package/lib/python3.10/site-packages:${PYTHONPATH} /usr/bin/python3 -W ignore:setup.py install is deprecated -W ignore:easy_install command is deprecated setup.py egg_info --egg-base ../../build/my_turtle_package build --build-base /home/esha/ros2_ws/build/my_turtle_package/build install --record /home/esha/ros2_ws/build/my_turtle_package/install.log --single-version-externally-managed install_data
[1.308s] running egg_info
[1.309s] creating ../../build/my_turtle_package/my_turtle_package.egg-info
[1.309s] writing ../../build/my_turtle_package/my_turtle_package.egg-info/PKG-INFO
[1.309s] writing dependency_links to ../../build/my_turtle_package/my_turtle_package.egg-info/dependency_links.txt
[1.310s] writing entry points to ../../build/my_turtle_package/my_turtle_package.egg-info/entry_points.txt
[1.310s] writing requirements to ../../build/my_turtle_package/my_turtle_package.egg-info/requires.txt
[1.310s] writing top-level names to ../../build/my_turtle_package/my_turtle_package.egg-info/top_level.txt
[1.310s] writing manifest file '../../build/my_turtle_package/my_turtle_package.egg-info/SOURCES.txt'
[1.312s] reading manifest file '../../build/my_turtle_package/my_turtle_package.egg-info/SOURCES.txt'
[1.313s] writing manifest file '../../build/my_turtle_package/my_turtle_package.egg-info/SOURCES.txt'
[1.313s] running build
[1.313s] running build_py
[1.313s] creating /home/esha/ros2_ws/build/my_turtle_package/build
[1.313s] creating /home/esha/ros2_ws/build/my_turtle_package/build/lib
[1.313s] creating /home/esha/ros2_ws/build/my_turtle_package/build/lib/my_turtle_package
[1.313s] copying my_turtle_package/move_turtle.py -> /home/esha/ros2_ws/build/my_turtle_package/build/lib/my_turtle_package
[1.314s] copying my_turtle_package/__init__.py -> /home/esha/ros2_ws/build/my_turtle_package/build/lib/my_turtle_package
[1.314s] running install
[1.314s] running install_lib
[1.314s] creating /home/esha/ros2_ws/install/my_turtle_package/lib/python3.10/site-packages/my_turtle_package
[1.314s] copying /home/esha/ros2_ws/build/my_turtle_package/build/lib/my_turtle_package/move_turtle.py -> /home/esha/ros2_ws/install/my_turtle_package/lib/python3.10/site-packages/my_turtle_package
[1.315s] copying /home/esha/ros2_ws/build/my_turtle_package/build/lib/my_turtle_package/__init__.py -> /home/esha/ros2_ws/install/my_turtle_package/lib/python3.10/site-packages/my_turtle_package
[1.315s] byte-compiling /home/esha/ros2_ws/install/my_turtle_package/lib/python3.10/site-packages/my_turtle_package/move_turtle.py to move_turtle.cpython-310.pyc
[1.315s] byte-compiling /home/esha/ros2_ws/install/my_turtle_package/lib/python3.10/site-packages/my_turtle_package/__init__.py to __init__.cpython-310.pyc
[1.316s] running install_data
[1.316s] creating /home/esha/ros2_ws/install/my_turtle_package/share/ament_index
[1.316s] creating /home/esha/ros2_ws/install/my_turtle_package/share/ament_index/resource_index
[1.316s] creating /home/esha/ros2_ws/install/my_turtle_package/share/ament_index/resource_index/packages
[1.316s] copying resource/my_turtle_package -> /home/esha/ros2_ws/install/my_turtle_package/share/ament_index/resource_index/packages
[1.316s] copying package.xml -> /home/esha/ros2_ws/install/my_turtle_package/share/my_turtle_package
[1.316s] running install_egg_info
[1.318s] Copying ../../build/my_turtle_package/my_turtle_package.egg-info to /home/esha/ros2_ws/install/my_turtle_package/lib/python3.10/site-packages/my_turtle_package-0.0.0-py3.10.egg-info
[1.319s] running install_scripts
[1.342s] Installing move_turtle script to /home/esha/ros2_ws/install/my_turtle_package/lib/my_turtle_package
[1.343s] writing list of installed files to '/home/esha/ros2_ws/build/my_turtle_package/install.log'
[1.369s] Invoked command in '/home/esha/ros2_ws/src/my_turtle_package' returned '0': PYTHONPATH=/home/esha/ros2_ws/build/my_turtle_package/prefix_override:/usr/lib/python3/dist-packages/colcon_core/task/python/colcon_distutils_commands:/home/esha/ros2_ws/install/my_turtle_package/lib/python3.10/site-packages:${PYTHONPATH} /usr/bin/python3 -W ignore:setup.py install is deprecated -W ignore:easy_install command is deprecated setup.py egg_info --egg-base ../../build/my_turtle_package build --build-base /home/esha/ros2_ws/build/my_turtle_package/build install --record /home/esha/ros2_ws/build/my_turtle_package/install.log --single-version-externally-managed install_data
